<?xml version='1.0' encoding='UTF-8'?>
<testsuite hostname="DESKTOP-J9Q3G3P" name="gcd.GCDTester" tests="1" errors="0" failures="0" skipped="0" time="1.392" timestamp="2020-10-25T14:52:49">
                     <properties>
[...]
</properties>
                     <testcase classname="gcd.GCDTester" name="Basic test using Driver.execute should be used as an alternative way to run specification" time="1.392">
                                                 
                                               </testcase>
                     <system-out><![CDATA[]]></system-out>
                     <system-err><![CDATA[]]></system-err>
                   </testsuite>